<?xml version="1.0" encoding="UTF-8"?>
<!-- Generated by org.testng.reporters.JUnitXMLReporter -->
<testsuite ignored="0" hostname="Admin" failures="0" tests="12" name="Test" time="0.149" errors="0" timestamp="2024-08-06T20:05:09 IST">
  <testcase classname="testNGXML.NewTest" name="a" time="0.016"/>
  <testcase classname="testNGXML.NewTest" name="b" time="0.003"/>
  <testcase classname="testNGXML.NewTest" name="c" time="0.002"/>
  <testcase classname="testNGXML.NewTest" name="d" time="0.002"/>
  <testcase classname="testNGXML.NewTest2" name="e" time="0.003"/>
  <testcase classname="testNGXML.NewTest2" name="f" time="0.002"/>
  <testcase classname="testNGXML.NewTest2" name="g" time="0.002"/>
  <testcase classname="testNGXML.NewTest2" name="h" time="0.003"/>
  <testcase classname="testNGXML.NewTest3" name="i" time="0.002"/>
  <testcase classname="testNGXML.NewTest3" name="j" time="0.002"/>
  <testcase classname="testNGXML.NewTest3" name="k" time="0.002"/>
  <testcase classname="testNGXML.NewTest3" name="l" time="0.002"/>
</testsuite> <!-- Test -->
