<?xml version="1.0" encoding="UTF-8"?>
<!-- Generated by org.testng.reporters.JUnitXMLReporter -->
<testsuite ignored="0" hostname="Admin" failures="2" tests="8" name="Test" time="0.125" errors="0" timestamp="2024-08-16T21:10:44 IST">
  <testcase classname="listenerStudy.MyClass" name="c" time="0.017">
    <failure type="java.lang.AssertionError" message="null">
      <![CDATA[java.lang.AssertionError: null
at listenerStudy.MyClass.c(MyClass.java:23)
at java.base/java.util.ArrayList.forEach(ArrayList.java:1597)
... Removed 27 stack frames]]>
    </failure>
  </testcase> <!-- c -->
  <testcase classname="listenerStudy.MyClass" name="d" time="0.002"/>
  <testcase classname="listenerStudy.MyClass" name="a" time="0.003"/>
  <testcase classname="listenerStudy.MyClass" name="b" time="0.0">
    <skipped/>
  </testcase> <!-- b -->
  <testcase classname="listenerStudy.MyClass2" name="e" time="0.002"/>
  <testcase classname="listenerStudy.MyClass2" name="g" time="0.002">
    <failure type="java.lang.AssertionError" message="null">
      <![CDATA[java.lang.AssertionError: null
at listenerStudy.MyClass2.g(MyClass2.java:23)
at java.base/java.util.ArrayList.forEach(ArrayList.java:1597)
... Removed 27 stack frames]]>
    </failure>
  </testcase> <!-- g -->
  <testcase classname="listenerStudy.MyClass2" name="h" time="0.004"/>
  <testcase classname="listenerStudy.MyClass2" name="f" time="0.0">
    <skipped/>
  </testcase> <!-- f -->
</testsuite> <!-- Test -->
