<?xml version="1.0" encoding="UTF-8"?>
<!-- Generated by org.testng.reporters.JUnitXMLReporter -->
<testsuite ignored="3" hostname="Admin" failures="0" tests="1" name="Default test(failed)(failed)" time="0.124" errors="0" timestamp="2024-07-26T19:41:57 IST">
  <testcase classname="testNGKeywords.MyClass" name="c" time="0.018"/>
  <testcase classname="testNGKeywords.MyClass" name="a" time="0.0">
    <ignored/>
  </testcase> <!-- a -->
  <testcase classname="testNGKeywords.MyClass" name="b" time="0.0">
    <ignored/>
  </testcase> <!-- b -->
  <testcase classname="testNGKeywords.MyClass" name="d" time="0.0">
    <ignored/>
  </testcase> <!-- d -->
</testsuite> <!-- Default test(failed)(failed) -->
